[2023-11-15 16:16:48] app.INFO: Protect vendor folder in module contactform [] []
[2023-11-15 16:16:48] app.INFO: Module contactform has no vendor folder [] []
[2023-11-15 16:16:48] app.INFO: Protect vendor folder in module dashactivity [] []
[2023-11-15 16:16:48] app.INFO: Module dashactivity has no vendor folder [] []
[2023-11-15 16:16:48] app.INFO: Protect vendor folder in module dashtrends [] []
[2023-11-15 16:16:48] app.INFO: Module dashtrends has no vendor folder [] []
[2023-11-15 16:16:49] app.INFO: Protect vendor folder in module dashgoals [] []
[2023-11-15 16:16:49] app.INFO: Module dashgoals has no vendor folder [] []
[2023-11-15 16:16:49] app.INFO: Protect vendor folder in module dashproducts [] []
[2023-11-15 16:16:49] app.INFO: Module dashproducts has no vendor folder [] []
[2023-11-15 16:16:49] app.INFO: Protect vendor folder in module graphnvd3 [] []
[2023-11-15 16:16:49] app.INFO: Module graphnvd3 has no vendor folder [] []
[2023-11-15 16:16:49] app.INFO: Protect vendor folder in module gridhtml [] []
[2023-11-15 16:16:49] app.INFO: Module gridhtml has no vendor folder [] []
[2023-11-15 16:16:49] app.INFO: Protect vendor folder in module gsitemap [] []
[2023-11-15 16:16:49] app.INFO: Module gsitemap has no vendor folder [] []
[2023-11-15 16:16:49] app.INFO: Protect vendor folder in module ps_banner [] []
[2023-11-15 16:16:49] app.INFO: Module ps_banner has no vendor folder [] []
[2023-11-15 16:16:49] app.INFO: Protect vendor folder in module ps_categorytree [] []
[2023-11-15 16:16:49] app.INFO: Module ps_categorytree has no vendor folder [] []
[2023-11-15 16:16:49] app.INFO: Protect vendor folder in module ps_checkpayment [] []
[2023-11-15 16:16:49] app.INFO: Module ps_checkpayment has no vendor folder [] []
[2023-11-15 16:16:50] app.INFO: Protect vendor folder in module ps_contactinfo [] []
[2023-11-15 16:16:50] app.INFO: Module ps_contactinfo has no vendor folder [] []
[2023-11-15 16:16:50] app.INFO: Protect vendor folder in module ps_currencyselector [] []
[2023-11-15 16:16:50] app.INFO: Module ps_currencyselector has no vendor folder [] []
[2023-11-15 16:16:50] app.INFO: Protect vendor folder in module ps_customeraccountlinks [] []
[2023-11-15 16:16:50] app.INFO: Module ps_customeraccountlinks has no vendor folder [] []
[2023-11-15 16:16:50] app.INFO: Protect vendor folder in module ps_customersignin [] []
[2023-11-15 16:16:50] app.INFO: Module ps_customersignin has no vendor folder [] []
[2023-11-15 16:16:50] app.INFO: Protect vendor folder in module ps_customtext [] []
[2023-11-15 16:16:50] app.INFO: Module ps_customtext has no vendor folder [] []
[2023-11-15 16:16:50] app.INFO: Protect vendor folder in module ps_emailsubscription [] []
[2023-11-15 16:16:50] app.INFO: Module ps_emailsubscription has no vendor folder [] []
[2023-11-15 16:16:52] app.INFO: Protect vendor folder in module ps_facetedsearch [] []
[2023-11-15 16:16:52] app.INFO: Module ps_facetedsearch has no vendor folder [] []
[2023-11-15 16:16:52] app.INFO: Protect vendor folder in module ps_faviconnotificationbo [] []
[2023-11-15 16:16:52] app.INFO: Module ps_faviconnotificationbo has no vendor folder [] []
[2023-11-15 16:16:52] app.INFO: Protect vendor folder in module ps_featuredproducts [] []
[2023-11-15 16:16:52] app.INFO: Module ps_featuredproducts has no vendor folder [] []
[2023-11-15 16:16:52] app.INFO: Protect vendor folder in module ps_imageslider [] []
[2023-11-15 16:16:52] app.INFO: Module ps_imageslider has no vendor folder [] []
[2023-11-15 16:16:52] app.INFO: Protect vendor folder in module ps_languageselector [] []
[2023-11-15 16:16:52] app.INFO: Module ps_languageselector has no vendor folder [] []
[2023-11-15 16:16:53] app.INFO: Protect vendor folder in module ps_linklist [] []
[2023-11-15 16:16:53] app.INFO: Module ps_linklist has no vendor folder [] []
[2023-11-15 16:16:53] app.ERROR: Class "AdminLinkWidgetController" not found in controllers/admin [] []
[2023-11-15 16:16:53] app.INFO: Protect vendor folder in module ps_mainmenu [] []
[2023-11-15 16:16:53] app.INFO: Module ps_mainmenu has no vendor folder [] []
[2023-11-15 16:16:53] app.INFO: Protect vendor folder in module ps_searchbar [] []
[2023-11-15 16:16:53] app.INFO: Module ps_searchbar has no vendor folder [] []
[2023-11-15 16:16:53] app.INFO: Protect vendor folder in module ps_sharebuttons [] []
[2023-11-15 16:16:53] app.INFO: Module ps_sharebuttons has no vendor folder [] []
[2023-11-15 16:16:53] app.INFO: Protect vendor folder in module ps_shoppingcart [] []
[2023-11-15 16:16:53] app.INFO: Module ps_shoppingcart has no vendor folder [] []
[2023-11-15 16:16:53] app.INFO: Protect vendor folder in module ps_socialfollow [] []
[2023-11-15 16:16:53] app.INFO: Module ps_socialfollow has no vendor folder [] []
[2023-11-15 16:16:54] app.INFO: Protect vendor folder in module ps_themecusto [] []
[2023-11-15 16:16:54] app.INFO: Module ps_themecusto has no vendor folder [] []
[2023-11-15 16:16:54] app.INFO: Protect vendor folder in module ps_wirepayment [] []
[2023-11-15 16:16:54] app.INFO: Module ps_wirepayment has no vendor folder [] []
[2023-11-15 16:16:54] app.INFO: Protect vendor folder in module pagesnotfound [] []
[2023-11-15 16:16:54] app.INFO: Module pagesnotfound has no vendor folder [] []
[2023-11-15 16:16:54] app.INFO: Protect vendor folder in module sekeywords [] []
[2023-11-15 16:16:54] app.INFO: Module sekeywords has no vendor folder [] []
[2023-11-15 16:16:54] app.INFO: Protect vendor folder in module statsbestcategories [] []
[2023-11-15 16:16:54] app.INFO: Module statsbestcategories has no vendor folder [] []
[2023-11-15 16:16:54] app.INFO: Protect vendor folder in module statsbestcustomers [] []
[2023-11-15 16:16:54] app.INFO: Module statsbestcustomers has no vendor folder [] []
[2023-11-15 16:16:54] app.INFO: Protect vendor folder in module statsbestproducts [] []
[2023-11-15 16:16:54] app.INFO: Module statsbestproducts has no vendor folder [] []
[2023-11-15 16:16:54] app.INFO: Protect vendor folder in module statsbestsuppliers [] []
[2023-11-15 16:16:54] app.INFO: Module statsbestsuppliers has no vendor folder [] []
[2023-11-15 16:16:54] app.INFO: Protect vendor folder in module statsbestvouchers [] []
[2023-11-15 16:16:54] app.INFO: Module statsbestvouchers has no vendor folder [] []
[2023-11-15 16:16:54] app.INFO: Protect vendor folder in module statscarrier [] []
[2023-11-15 16:16:54] app.INFO: Module statscarrier has no vendor folder [] []
[2023-11-15 16:16:54] app.INFO: Protect vendor folder in module statscatalog [] []
[2023-11-15 16:16:54] app.INFO: Module statscatalog has no vendor folder [] []
[2023-11-15 16:16:54] app.INFO: Protect vendor folder in module statscheckup [] []
[2023-11-15 16:16:54] app.INFO: Module statscheckup has no vendor folder [] []
[2023-11-15 16:16:55] app.INFO: Protect vendor folder in module statsdata [] []
[2023-11-15 16:16:55] app.INFO: Module statsdata has no vendor folder [] []
[2023-11-15 16:16:55] app.INFO: Protect vendor folder in module statsequipment [] []
[2023-11-15 16:16:55] app.INFO: Module statsequipment has no vendor folder [] []
[2023-11-15 16:16:55] app.INFO: Protect vendor folder in module statsforecast [] []
[2023-11-15 16:16:55] app.INFO: Module statsforecast has no vendor folder [] []
[2023-11-15 16:16:55] app.INFO: Protect vendor folder in module statslive [] []
[2023-11-15 16:16:55] app.INFO: Module statslive has no vendor folder [] []
[2023-11-15 16:16:55] app.INFO: Protect vendor folder in module statsnewsletter [] []
[2023-11-15 16:16:55] app.INFO: Module statsnewsletter has no vendor folder [] []
[2023-11-15 16:16:55] app.INFO: Protect vendor folder in module statsorigin [] []
[2023-11-15 16:16:55] app.INFO: Module statsorigin has no vendor folder [] []
[2023-11-15 16:16:55] app.INFO: Protect vendor folder in module statspersonalinfos [] []
[2023-11-15 16:16:55] app.INFO: Module statspersonalinfos has no vendor folder [] []
[2023-11-15 16:16:55] app.INFO: Protect vendor folder in module statsproduct [] []
[2023-11-15 16:16:55] app.INFO: Module statsproduct has no vendor folder [] []
[2023-11-15 16:16:55] app.INFO: Protect vendor folder in module statsregistrations [] []
[2023-11-15 16:16:55] app.INFO: Module statsregistrations has no vendor folder [] []
[2023-11-15 16:16:55] app.INFO: Protect vendor folder in module statssales [] []
[2023-11-15 16:16:55] app.INFO: Module statssales has no vendor folder [] []
[2023-11-15 16:16:55] app.INFO: Protect vendor folder in module statssearch [] []
[2023-11-15 16:16:55] app.INFO: Module statssearch has no vendor folder [] []
[2023-11-15 16:16:55] app.INFO: Protect vendor folder in module statsstock [] []
[2023-11-15 16:16:55] app.INFO: Module statsstock has no vendor folder [] []
[2023-11-15 16:16:55] app.INFO: Protect vendor folder in module statsvisits [] []
[2023-11-15 16:16:55] app.INFO: Module statsvisits has no vendor folder [] []
[2023-11-15 16:16:56] app.INFO: Protect vendor folder in module welcome [] []
[2023-11-15 16:17:00] app.INFO: Exporting mail with theme modern for language Español (Spanish) [] []
[2023-11-15 16:17:00] app.INFO: Core output folder: C:\xampp\htdocs\prestashop/mails [] []
[2023-11-15 16:17:00] app.INFO: Modules output folder: C:\xampp\htdocs\prestashop/modules/ [] []
[2023-11-15 16:17:01] app.INFO: Exporting mail with theme modern for language Español AR (Spanish) [] []
[2023-11-15 16:17:01] app.INFO: Core output folder: C:\xampp\htdocs\prestashop/mails [] []
[2023-11-15 16:17:01] app.INFO: Modules output folder: C:\xampp\htdocs\prestashop/modules/ [] []
[2023-11-15 16:30:07] request.INFO: Matched route "admin_module_import". {"route":"admin_module_import","route_parameters":{"module_name":null,"_controller":"PrestaShopBundle\\Controller\\Admin\\Improve\\ModuleController::importModuleAction","_route":"admin_module_import"},"request_uri":"http://localhost/prestashop/admin789pzefdw/index.php/improve/modules/import?_token=QqtmMGm_yG_hxwhk-MCcqnxu347ZMjur6tVUs4zOYtg","method":"POST"} []
[2023-11-15 16:30:07] security.DEBUG: Read existing security token from the session. {"key":"_security_main","token_class":"Symfony\\Component\\Security\\Core\\Authentication\\Token\\UsernamePasswordToken"} []
[2023-11-15 16:30:07] security.DEBUG: User was reloaded from a user provider. {"provider":"PrestaShopBundle\\Security\\Admin\\EmployeeProvider","username":"fperalperez@gmail.com"} []
[2023-11-15 16:30:07] request.CRITICAL: Uncaught PHP Exception Symfony\Component\Debug\Exception\FatalErrorException: "Compile Error: Declaration of Infoproduct::getWidgetVariables(array $configuration) must be compatible with PrestaShop\PrestaShop\Core\Module\WidgetInterface::getWidgetVariables($hookName, array $configuration)" at C:\xampp\htdocs\prestashop\modules\infoproduct\infoproduct.php line 33 {"exception":"[object] (Symfony\\Component\\Debug\\Exception\\FatalErrorException(code: 0): Compile Error: Declaration of Infoproduct::getWidgetVariables(array $configuration) must be compatible with PrestaShop\\PrestaShop\\Core\\Module\\WidgetInterface::getWidgetVariables($hookName, array $configuration) at C:\\xampp\\htdocs\\prestashop\\modules\\infoproduct\\infoproduct.php:33)"} []
[2023-11-15 16:30:08] security.DEBUG: Stored the security token in the session. {"key":"_security_main"} []
[2023-11-15 16:30:16] request.INFO: Matched route "admin_module_manage". {"route":"admin_module_manage","route_parameters":{"category":null,"keyword":null,"_controller":"PrestaShopBundle\\Controller\\Admin\\Improve\\ModuleController::manageAction","_legacy_controller":"AdminModulesManage","_legacy_link":["AdminModulesManage","AdminModulesSf"],"_route":"admin_module_manage"},"request_uri":"http://localhost/prestashop/admin789pzefdw/index.php/improve/modules/manage?_token=QqtmMGm_yG_hxwhk-MCcqnxu347ZMjur6tVUs4zOYtg","method":"GET"} []
[2023-11-15 16:30:16] security.DEBUG: Read existing security token from the session. {"key":"_security_main","token_class":"Symfony\\Component\\Security\\Core\\Authentication\\Token\\UsernamePasswordToken"} []
[2023-11-15 16:30:16] security.DEBUG: User was reloaded from a user provider. {"provider":"PrestaShopBundle\\Security\\Admin\\EmployeeProvider","username":"fperalperez@gmail.com"} []
[2023-11-15 16:30:16] request.CRITICAL: Uncaught PHP Exception Symfony\Component\Debug\Exception\FatalErrorException: "Compile Error: Declaration of Infoproduct::getWidgetVariables(array $configuration) must be compatible with PrestaShop\PrestaShop\Core\Module\WidgetInterface::getWidgetVariables($hookName, array $configuration)" at C:\xampp\htdocs\prestashop\modules\infoproduct\infoproduct.php line 33 {"exception":"[object] (Symfony\\Component\\Debug\\Exception\\FatalErrorException(code: 0): Compile Error: Declaration of Infoproduct::getWidgetVariables(array $configuration) must be compatible with PrestaShop\\PrestaShop\\Core\\Module\\WidgetInterface::getWidgetVariables($hookName, array $configuration) at C:\\xampp\\htdocs\\prestashop\\modules\\infoproduct\\infoproduct.php:33)"} []
[2023-11-15 16:30:16] security.DEBUG: Stored the security token in the session. {"key":"_security_main"} []
[2023-11-15 16:30:20] request.INFO: Matched route "admin_module_manage". {"route":"admin_module_manage","route_parameters":{"category":null,"keyword":null,"_controller":"PrestaShopBundle\\Controller\\Admin\\Improve\\ModuleController::manageAction","_legacy_controller":"AdminModulesManage","_legacy_link":["AdminModulesManage","AdminModulesSf"],"_route":"admin_module_manage"},"request_uri":"http://localhost/prestashop/admin789pzefdw/index.php/improve/modules/manage?_token=QqtmMGm_yG_hxwhk-MCcqnxu347ZMjur6tVUs4zOYtg","method":"GET"} []
[2023-11-15 16:30:20] security.DEBUG: Read existing security token from the session. {"key":"_security_main","token_class":"Symfony\\Component\\Security\\Core\\Authentication\\Token\\UsernamePasswordToken"} []
[2023-11-15 16:30:20] security.DEBUG: User was reloaded from a user provider. {"provider":"PrestaShopBundle\\Security\\Admin\\EmployeeProvider","username":"fperalperez@gmail.com"} []
[2023-11-15 16:30:20] request.CRITICAL: Uncaught PHP Exception Symfony\Component\Debug\Exception\FatalErrorException: "Compile Error: Declaration of Infoproduct::getWidgetVariables(array $configuration) must be compatible with PrestaShop\PrestaShop\Core\Module\WidgetInterface::getWidgetVariables($hookName, array $configuration)" at C:\xampp\htdocs\prestashop\modules\infoproduct\infoproduct.php line 33 {"exception":"[object] (Symfony\\Component\\Debug\\Exception\\FatalErrorException(code: 0): Compile Error: Declaration of Infoproduct::getWidgetVariables(array $configuration) must be compatible with PrestaShop\\PrestaShop\\Core\\Module\\WidgetInterface::getWidgetVariables($hookName, array $configuration) at C:\\xampp\\htdocs\\prestashop\\modules\\infoproduct\\infoproduct.php:33)"} []
[2023-11-15 16:30:20] security.DEBUG: Stored the security token in the session. {"key":"_security_main"} []
[2023-11-15 16:38:58] request.CRITICAL: Uncaught PHP Exception Symfony\Component\Debug\Exception\UndefinedMethodException: "Attempted to call an undefined method named "_displayForm" of class "ImportarProductosCsv"." at C:\xampp\htdocs\prestashop\modules\importarproductoscsv\importarproductoscsv.php line 137 {"exception":"[object] (Symfony\\Component\\Debug\\Exception\\UndefinedMethodException(code: 0): Attempted to call an undefined method named \"_displayForm\" of class \"ImportarProductosCsv\". at C:\\xampp\\htdocs\\prestashop\\modules\\importarproductoscsv\\importarproductoscsv.php:137)"} []
[2023-11-15 16:39:04] request.CRITICAL: Uncaught PHP Exception Symfony\Component\Debug\Exception\UndefinedMethodException: "Attempted to call an undefined method named "_displayForm" of class "ImportarProductosCsv"." at C:\xampp\htdocs\prestashop\modules\importarproductoscsv\importarproductoscsv.php line 137 {"exception":"[object] (Symfony\\Component\\Debug\\Exception\\UndefinedMethodException(code: 0): Attempted to call an undefined method named \"_displayForm\" of class \"ImportarProductosCsv\". at C:\\xampp\\htdocs\\prestashop\\modules\\importarproductoscsv\\importarproductoscsv.php:137)"} []
[2023-11-15 16:39:22] request.CRITICAL: Uncaught PHP Exception Symfony\Component\Debug\Exception\UndefinedMethodException: "Attempted to call an undefined method named "_displayForm" of class "ImportarProductosCsv"." at C:\xampp\htdocs\prestashop\modules\importarproductoscsv\importarproductoscsv.php line 137 {"exception":"[object] (Symfony\\Component\\Debug\\Exception\\UndefinedMethodException(code: 0): Attempted to call an undefined method named \"_displayForm\" of class \"ImportarProductosCsv\". at C:\\xampp\\htdocs\\prestashop\\modules\\importarproductoscsv\\importarproductoscsv.php:137)"} []
[2023-11-15 16:41:54] request.CRITICAL: Uncaught PHP Exception Symfony\Component\Debug\Exception\UndefinedMethodException: "Attempted to call an undefined method named "_displayForm" of class "ImportarProductosCsv"." at C:\xampp\htdocs\prestashop\modules\importarproductoscsv\importarproductoscsv.php line 137 {"exception":"[object] (Symfony\\Component\\Debug\\Exception\\UndefinedMethodException(code: 0): Attempted to call an undefined method named \"_displayForm\" of class \"ImportarProductosCsv\". at C:\\xampp\\htdocs\\prestashop\\modules\\importarproductoscsv\\importarproductoscsv.php:137)"} []
[2023-11-15 16:47:09] request.CRITICAL: Uncaught PHP Exception Symfony\Component\Debug\Exception\UndefinedMethodException: "Attempted to call an undefined method named "_displayForm" of class "ImportarProductosCsv"." at C:\xampp\htdocs\prestashop\modules\importarproductoscsv\importarproductoscsv.php line 140 {"exception":"[object] (Symfony\\Component\\Debug\\Exception\\UndefinedMethodException(code: 0): Attempted to call an undefined method named \"_displayForm\" of class \"ImportarProductosCsv\". at C:\\xampp\\htdocs\\prestashop\\modules\\importarproductoscsv\\importarproductoscsv.php:140)"} []
